<?xml version="1.0" encoding="UTF-8"?>
<!-- Generated by org.testng.reporters.JUnitReportReporter -->
<testsuite hostname="DESKTOP-O8HP0HC" failures="0" tests="4" name="testCases.CampaignsTest" time="20.067" errors="0" timestamp="2024-10-23T15:04:48 IST" skipped="0">
  <testcase classname="testCases.CampaignsTest" name="cmapaignPageNavigationTest" time="3.307"/>
  <testcase classname="testCases.CampaignsTest" name="createCampaignTest" time="3.312"/>
  <testcase classname="testCases.CampaignsTest" name="createCampaignTest_fromcreateanothercampaignbutton" time="6.052"/>
  <testcase classname="testCases.CampaignsTest" name="campaignGrid" time="7.396"/>
</testsuite> <!-- testCases.CampaignsTest -->
