<?xml version="1.0" encoding="UTF-8"?>
<!-- Generated by org.testng.reporters.JUnitReportReporter -->
<testsuite hostname="DESKTOP-S61P0GA" failures="0" tests="2" name="testCases.CampaignsTest" time="3.559" errors="0" timestamp="2024-10-10T13:19:16 IST" skipped="0">
  <testcase classname="testCases.CampaignsTest" name="cmapaignPageNavigationTest" time="3.541"/>
  <testcase classname="testCases.CampaignsTest" name="createCampaignTest" time="0.018"/>
</testsuite> <!-- testCases.CampaignsTest -->
