<?xml version="1.0" encoding="UTF-8"?>
<!-- Generated by org.testng.reporters.JUnitReportReporter -->
<testsuite hostname="DESKTOP-O8HP0HC" failures="0" tests="2" name="testCases.loginPageTest" time="4.412" errors="0" timestamp="2024-10-17T19:22:43 IST" skipped="0">
  <testcase classname="testCases.loginPageTest" name="logintextpresence" time="1.600"/>
  <testcase classname="testCases.loginPageTest" name="validloginTest" time="2.812"/>
</testsuite> <!-- testCases.loginPageTest -->
