<?xml version="1.0" encoding="UTF-8"?>
<!-- Generated by org.testng.reporters.JUnitReportReporter -->
<testsuite hostname="DESKTOP-O38ORJQ" failures="0" tests="2" name="allureReports.Test1" time="4.939" errors="0" timestamp="2024-04-09T10:01:01 IST" skipped="0">
  <testcase classname="allureReports.Test1" name="logintextpresence" time="1.314"/>
  <testcase classname="allureReports.Test1" name="validloginTest" time="3.625"/>
</testsuite> <!-- allureReports.Test1 -->
