<?xml version="1.0" encoding="UTF-8"?>
<!-- Generated by org.testng.reporters.JUnitReportReporter -->
<testsuite hostname="DESKTOP-O38ORJQ" failures="0" tests="5" name="testCases.LoginDataDrivenTest" time="69.372" errors="0" timestamp="2024-05-22T13:05:00 IST" skipped="1">
  <testcase classname="testCases.LoginDataDrivenTest" name="verify_loginDDTest" time="20.582"/>
  <testcase classname="testCases.LoginDataDrivenTest" name="verify_loginDDTest" time="20.650"/>
  <testcase classname="testCases.LoginDataDrivenTest" name="verify_loginDDTest" time="5.676"/>
  <testcase classname="testCases.LoginDataDrivenTest" name="verify_loginDDTest" time="22.464"/>
  <testcase classname="testCases.LoginDataDrivenTest" name="validloginTest">
    <skipped/>
  </testcase> <!-- validloginTest -->
</testsuite> <!-- testCases.LoginDataDrivenTest -->
