<?xml version="1.0" encoding="UTF-8"?>
<!-- Generated by org.testng.reporters.JUnitReportReporter -->
<testsuite hostname="DESKTOP-S61P0GA" failures="0" tests="5" name="testCases.GroupsAndUsersTest" time="13.574" errors="0" timestamp="2024-07-29T13:06:41 IST" skipped="0">
  <testcase classname="testCases.GroupsAndUsersTest" name="groupsAndUserPageNavigationTest" time="2.040"/>
  <testcase classname="testCases.GroupsAndUsersTest" name="groupsAndUserHeaderTest" time="0.884"/>
  <testcase classname="testCases.GroupsAndUsersTest" name="createGroupTest" time="4.282"/>
  <testcase classname="testCases.GroupsAndUsersTest" name="groupgrid" time="6.055"/>
  <testcase classname="testCases.GroupsAndUsersTest" name="editGroup" time="0.313"/>
</testsuite> <!-- testCases.GroupsAndUsersTest -->
