<?xml version="1.0" encoding="UTF-8"?>
<!-- Generated by org.testng.reporters.JUnitReportReporter -->
<testsuite hostname="DESKTOP-S61P0GA" failures="0" tests="5" name="testCases.GroupsAndUsersTest" time="17.195" errors="0" timestamp="2024-08-09T13:05:56 IST" skipped="0">
  <testcase classname="testCases.GroupsAndUsersTest" name="groupsAndUserPageNavigationTest" time="2.605"/>
  <testcase classname="testCases.GroupsAndUsersTest" name="groupsAndUserHeaderTest" time="1.636"/>
  <testcase classname="testCases.GroupsAndUsersTest" name="createGroupTest" time="5.539"/>
  <testcase classname="testCases.GroupsAndUsersTest" name="groupgrid" time="6.059"/>
  <testcase classname="testCases.GroupsAndUsersTest" name="editGroup" time="1.356"/>
</testsuite> <!-- testCases.GroupsAndUsersTest -->
