<?xml version="1.0" encoding="UTF-8"?>
<!-- Generated by org.testng.reporters.JUnitReportReporter -->
<testsuite hostname="DESKTOP-S61P0GA" failures="0" tests="12" name="testCases.GroupsAndUsersTest" time="52.699" errors="0" timestamp="2024-09-05T17:07:08 IST" skipped="0">
  <testcase classname="testCases.GroupsAndUsersTest" name="groupsAndUserPageNavigationTest" time="2.348"/>
  <testcase classname="testCases.GroupsAndUsersTest" name="groupsAndUserHeaderTest" time="0.788"/>
  <testcase classname="testCases.GroupsAndUsersTest" name="createGroupTest" time="6.072"/>
  <testcase classname="testCases.GroupsAndUsersTest" name="groupgrid" time="6.338"/>
  <testcase classname="testCases.GroupsAndUsersTest" name="editGroup" time="4.636"/>
  <testcase classname="testCases.GroupsAndUsersTest" name="editedgroupongrid" time="6.229"/>
  <testcase classname="testCases.GroupsAndUsersTest" name="deletegroupongrid" time="2.281"/>
  <testcase classname="testCases.GroupsAndUsersTest" name="createUserTest" time="4.677"/>
  <testcase classname="testCases.GroupsAndUsersTest" name="Usergrid" time="6.630"/>
  <testcase classname="testCases.GroupsAndUsersTest" name="edituser" time="4.729"/>
  <testcase classname="testCases.GroupsAndUsersTest" name="editUsergrid" time="6.413"/>
  <testcase classname="testCases.GroupsAndUsersTest" name="deleteuserongrid" time="1.558"/>
</testsuite> <!-- testCases.GroupsAndUsersTest -->
