<?xml version="1.0" encoding="UTF-8"?>
<!-- Generated by org.testng.reporters.JUnitReportReporter -->
<testsuite hostname="DESKTOP-S61P0GA" failures="0" tests="2" name="testCases.loginPageTest" time="3.637" errors="0" timestamp="2024-07-26T14:28:12 IST" skipped="0">
  <testcase classname="testCases.loginPageTest" name="logintextpresence" time="1.329"/>
  <testcase classname="testCases.loginPageTest" name="validloginTest" time="2.308"/>
</testsuite> <!-- testCases.loginPageTest -->
