<?xml version="1.0" encoding="UTF-8"?>
<!-- Generated by org.testng.reporters.JUnitReportReporter -->
<testsuite hostname="DESKTOP-O8HP0HC" failures="0" tests="12" name="testCases.GroupsAndUsersTest" time="54.910" errors="0" timestamp="2024-12-17T20:38:19 IST" skipped="0">
  <testcase classname="testCases.GroupsAndUsersTest" name="groupsAndUserPageNavigationTest" time="3.443"/>
  <testcase classname="testCases.GroupsAndUsersTest" name="groupsAndUserHeaderTest" time="0.040"/>
  <testcase classname="testCases.GroupsAndUsersTest" name="createGroupTest" time="4.808"/>
  <testcase classname="testCases.GroupsAndUsersTest" name="groupgrid" time="5.985"/>
  <testcase classname="testCases.GroupsAndUsersTest" name="editGroup" time="5.271"/>
  <testcase classname="testCases.GroupsAndUsersTest" name="editedgroupongrid" time="6.268"/>
  <testcase classname="testCases.GroupsAndUsersTest" name="deletegroupongrid" time="4.266"/>
  <testcase classname="testCases.GroupsAndUsersTest" name="createUserTest" time="3.397"/>
  <testcase classname="testCases.GroupsAndUsersTest" name="Usergrid" time="7.913"/>
  <testcase classname="testCases.GroupsAndUsersTest" name="edituser" time="5.049"/>
  <testcase classname="testCases.GroupsAndUsersTest" name="editUsergrid" time="6.417"/>
  <testcase classname="testCases.GroupsAndUsersTest" name="deleteuserongrid" time="2.053"/>
</testsuite> <!-- testCases.GroupsAndUsersTest -->
