<?xml version="1.0" encoding="UTF-8"?>
<!-- Generated by org.testng.reporters.JUnitReportReporter -->
<testsuite hostname="DESKTOP-O8HP0HC" failures="0" tests="2" name="testCases.loginPageTest" time="2.701" errors="0" timestamp="2024-12-16T16:41:04 IST" skipped="0">
  <testcase classname="testCases.loginPageTest" name="logintextpresence" time="0.337"/>
  <testcase classname="testCases.loginPageTest" name="validloginTest" time="2.364"/>
</testsuite> <!-- testCases.loginPageTest -->
