<?xml version="1.0" encoding="UTF-8"?>
<!-- Generated by org.testng.reporters.JUnitReportReporter -->
<testsuite hostname="DESKTOP-O8HP0HC" failures="0" tests="12" name="testCases.GroupsAndUsersTest" time="53.898" errors="0" timestamp="2024-10-17T19:22:43 IST" skipped="0">
  <testcase classname="testCases.GroupsAndUsersTest" name="groupsAndUserPageNavigationTest" time="3.291"/>
  <testcase classname="testCases.GroupsAndUsersTest" name="groupsAndUserHeaderTest" time="0.046"/>
  <testcase classname="testCases.GroupsAndUsersTest" name="createGroupTest" time="4.965"/>
  <testcase classname="testCases.GroupsAndUsersTest" name="groupgrid" time="6.447"/>
  <testcase classname="testCases.GroupsAndUsersTest" name="editGroup" time="4.851"/>
  <testcase classname="testCases.GroupsAndUsersTest" name="editedgroupongrid" time="7.288"/>
  <testcase classname="testCases.GroupsAndUsersTest" name="deletegroupongrid" time="2.659"/>
  <testcase classname="testCases.GroupsAndUsersTest" name="createUserTest" time="3.062"/>
  <testcase classname="testCases.GroupsAndUsersTest" name="Usergrid" time="7.669"/>
  <testcase classname="testCases.GroupsAndUsersTest" name="edituser" time="5.013"/>
  <testcase classname="testCases.GroupsAndUsersTest" name="editUsergrid" time="7.031"/>
  <testcase classname="testCases.GroupsAndUsersTest" name="deleteuserongrid" time="1.576"/>
</testsuite> <!-- testCases.GroupsAndUsersTest -->
