<?xml version="1.0" encoding="UTF-8"?>
<!-- Generated by org.testng.reporters.JUnitReportReporter -->
<testsuite hostname="DESKTOP-O8HP0HC" failures="0" tests="7" name="testCases.TrackingNumbersTest" time="289.154" errors="0" timestamp="2024-10-24T15:30:22 IST" skipped="3">
  <testcase classname="testCases.TrackingNumbersTest" name="trackingNumbersNavigationTest" time="2.973"/>
  <testcase classname="testCases.TrackingNumbersTest" name="createTrackingNumber_ForExistingCampaign" time="25.089"/>
  <testcase classname="testCases.TrackingNumbersTest" name="trackingNumberGrid" time="4.992"/>
  <testcase classname="testCases.TrackingNumbersTest" name="editTrackingNumber" time="256.100"/>
  <testcase classname="testCases.TrackingNumbersTest" name="getdetailsofTN">
    <skipped/>
  </testcase> <!-- getdetailsofTN -->
  <testcase classname="testCases.TrackingNumbersTest" name="createTrackingNumber_ForNewCampaign">
    <skipped/>
  </testcase> <!-- createTrackingNumber_ForNewCampaign -->
  <testcase classname="testCases.TrackingNumbersTest" name="editTrackingNumberGrid">
    <skipped/>
  </testcase> <!-- editTrackingNumberGrid -->
</testsuite> <!-- testCases.TrackingNumbersTest -->
