<?xml version="1.0" encoding="UTF-8"?>
<!-- Generated by org.testng.reporters.JUnitReportReporter -->
<testsuite hostname="DESKTOP-O8HP0HC" failures="0" tests="2" name="testCases.loginPageTest" time="4.248" errors="0" timestamp="2024-12-12T16:11:31 IST" skipped="0">
  <testcase classname="testCases.loginPageTest" name="logintextpresence" time="1.498"/>
  <testcase classname="testCases.loginPageTest" name="validloginTest" time="2.750"/>
</testsuite> <!-- testCases.loginPageTest -->
