<?xml version="1.0" encoding="UTF-8"?>
<!-- Generated by org.testng.reporters.JUnitReportReporter -->
<testsuite hostname="DESKTOP-S61P0GA" failures="0" tests="1" name="testCases.CampaignsTest" time="0.100" errors="0" timestamp="2024-07-28T19:06:21 IST" skipped="0">
  <testcase classname="testCases.CampaignsTest" name="groupsAndUserPageNavigationTest" time="0.100"/>
</testsuite> <!-- testCases.CampaignsTest -->
