<?xml version="1.0" encoding="UTF-8"?>
<!-- Generated by org.testng.reporters.JUnitReportReporter -->
<testsuite hostname="DESKTOP-O8HP0HC" failures="0" tests="7" name="testCases.TrackingNumbersTest" time="49.338" errors="0" timestamp="2024-11-12T19:21:30 IST" skipped="2">
  <testcase classname="testCases.TrackingNumbersTest" name="trackingNumbersNavigationTest" time="2.775"/>
  <testcase classname="testCases.TrackingNumbersTest" name="createTrackingNumber_ForExistingCampaign" time="24.748"/>
  <testcase classname="testCases.TrackingNumbersTest" name="trackingNumberGrid" time="4.781"/>
  <testcase classname="testCases.TrackingNumbersTest" name="editTrackingNumber" time="8.085"/>
  <testcase classname="testCases.TrackingNumbersTest" name="editTrackingNumberGrid" time="8.949"/>
  <testcase classname="testCases.TrackingNumbersTest" name="createTrackingNumber_ForNewCampaign">
    <skipped/>
  </testcase> <!-- createTrackingNumber_ForNewCampaign -->
  <testcase classname="testCases.TrackingNumbersTest" name="getdetailsofTN">
    <skipped/>
  </testcase> <!-- getdetailsofTN -->
</testsuite> <!-- testCases.TrackingNumbersTest -->
