<?xml version="1.0" encoding="UTF-8"?>
<!-- Generated by org.testng.reporters.JUnitReportReporter -->
<testsuite hostname="DESKTOP-O8HP0HC" failures="0" tests="7" name="testCases.CampaignsTest" time="39.321" errors="0" timestamp="2024-12-12T16:12:56 IST" skipped="0">
  <testcase classname="testCases.CampaignsTest" name="cmapaignPageNavigationTest" time="3.492"/>
  <testcase classname="testCases.CampaignsTest" name="createCampaignTest" time="4.025"/>
  <testcase classname="testCases.CampaignsTest" name="createCampaignTest_fromcreateanothercampaignbutton" time="6.794"/>
  <testcase classname="testCases.CampaignsTest" name="campaignGrid" time="10.896"/>
  <testcase classname="testCases.CampaignsTest" name="editCampaign" time="3.873"/>
  <testcase classname="testCases.CampaignsTest" name="editedcampaignongrid" time="6.535"/>
  <testcase classname="testCases.CampaignsTest" name="deletegroupongrid" time="3.706"/>
</testsuite> <!-- testCases.CampaignsTest -->
