<?xml version="1.0" encoding="UTF-8"?>
<!-- Generated by org.testng.reporters.JUnitReportReporter -->
<testsuite hostname="DESKTOP-O8HP0HC" failures="0" tests="2" name="testCases.loginPageTest" time="4.617" errors="0" timestamp="2024-12-17T20:38:19 IST" skipped="0">
  <testcase classname="testCases.loginPageTest" name="logintextpresence" time="1.649"/>
  <testcase classname="testCases.loginPageTest" name="validloginTest" time="2.968"/>
</testsuite> <!-- testCases.loginPageTest -->
