<?xml version="1.0" encoding="UTF-8"?>
<!-- Generated by org.testng.reporters.JUnitReportReporter -->
<testsuite hostname="DESKTOP-O8HP0HC" failures="0" tests="12" name="testCases.GroupsAndUsersTest" time="43.180" errors="0" timestamp="2024-10-14T13:56:59 IST" skipped="0">
  <testcase classname="testCases.GroupsAndUsersTest" name="groupsAndUserPageNavigationTest" time="3.228"/>
  <testcase classname="testCases.GroupsAndUsersTest" name="groupsAndUserHeaderTest" time="0.044"/>
  <testcase classname="testCases.GroupsAndUsersTest" name="createGroupTest" time="4.130"/>
  <testcase classname="testCases.GroupsAndUsersTest" name="groupgrid" time="5.617"/>
  <testcase classname="testCases.GroupsAndUsersTest" name="editGroup" time="4.192"/>
  <testcase classname="testCases.GroupsAndUsersTest" name="editedgroupongrid" time="5.208"/>
  <testcase classname="testCases.GroupsAndUsersTest" name="deletegroupongrid" time="2.001"/>
  <testcase classname="testCases.GroupsAndUsersTest" name="createUserTest" time="2.703"/>
  <testcase classname="testCases.GroupsAndUsersTest" name="Usergrid" time="5.330"/>
  <testcase classname="testCases.GroupsAndUsersTest" name="edituser" time="4.176"/>
  <testcase classname="testCases.GroupsAndUsersTest" name="editUsergrid" time="5.157"/>
  <testcase classname="testCases.GroupsAndUsersTest" name="deleteuserongrid" time="1.394"/>
</testsuite> <!-- testCases.GroupsAndUsersTest -->
