<?xml version="1.0" encoding="UTF-8"?>
<!-- Generated by org.testng.reporters.JUnitReportReporter -->
<testsuite hostname="DESKTOP-S61P0GA" failures="0" tests="8" name="testCases.GroupsAndUsersTest" time="30.292" errors="0" timestamp="2024-08-29T13:09:12 IST" skipped="0">
  <testcase classname="testCases.GroupsAndUsersTest" name="groupsAndUserPageNavigationTest" time="1.959"/>
  <testcase classname="testCases.GroupsAndUsersTest" name="groupsAndUserHeaderTest" time="1.022"/>
  <testcase classname="testCases.GroupsAndUsersTest" name="createGroupTest" time="4.378"/>
  <testcase classname="testCases.GroupsAndUsersTest" name="groupgrid" time="5.748"/>
  <testcase classname="testCases.GroupsAndUsersTest" name="editGroup" time="4.493"/>
  <testcase classname="testCases.GroupsAndUsersTest" name="editedgroupongrid" time="6.346"/>
  <testcase classname="testCases.GroupsAndUsersTest" name="deletegroupongrid" time="2.195"/>
  <testcase classname="testCases.GroupsAndUsersTest" name="createUserTest" time="4.151"/>
</testsuite> <!-- testCases.GroupsAndUsersTest -->
