<?xml version="1.0" encoding="UTF-8"?>
<!-- Generated by org.testng.reporters.JUnitReportReporter -->
<testsuite hostname="DESKTOP-S61P0GA" failures="0" tests="2" name="testCases.loginPageTest" time="3.933" errors="0" timestamp="2024-10-10T13:19:16 IST" skipped="0">
  <testcase classname="testCases.loginPageTest" name="logintextpresence" time="1.429"/>
  <testcase classname="testCases.loginPageTest" name="validloginTest" time="2.504"/>
</testsuite> <!-- testCases.loginPageTest -->
