<?xml version="1.0" encoding="UTF-8"?>
<!-- Generated by org.testng.reporters.JUnitReportReporter -->
<testsuite hostname="DESKTOP-S61P0GA" failures="0" tests="12" name="testCases.GroupsAndUsersTest" time="50.351" errors="0" timestamp="2024-10-10T13:19:16 IST" skipped="0">
  <testcase classname="testCases.GroupsAndUsersTest" name="groupsAndUserPageNavigationTest" time="3.665"/>
  <testcase classname="testCases.GroupsAndUsersTest" name="groupsAndUserHeaderTest" time="0.081"/>
  <testcase classname="testCases.GroupsAndUsersTest" name="createGroupTest" time="5.387"/>
  <testcase classname="testCases.GroupsAndUsersTest" name="groupgrid" time="5.934"/>
  <testcase classname="testCases.GroupsAndUsersTest" name="editGroup" time="4.524"/>
  <testcase classname="testCases.GroupsAndUsersTest" name="editedgroupongrid" time="6.023"/>
  <testcase classname="testCases.GroupsAndUsersTest" name="deletegroupongrid" time="2.255"/>
  <testcase classname="testCases.GroupsAndUsersTest" name="createUserTest" time="3.354"/>
  <testcase classname="testCases.GroupsAndUsersTest" name="Usergrid" time="6.591"/>
  <testcase classname="testCases.GroupsAndUsersTest" name="edituser" time="4.803"/>
  <testcase classname="testCases.GroupsAndUsersTest" name="editUsergrid" time="6.267"/>
  <testcase classname="testCases.GroupsAndUsersTest" name="deleteuserongrid" time="1.467"/>
</testsuite> <!-- testCases.GroupsAndUsersTest -->
