<?xml version="1.0" encoding="UTF-8"?>
<!-- Generated by org.testng.reporters.JUnitReportReporter -->
<testsuite hostname="DESKTOP-O8HP0HC" failures="0" tests="12" name="testCases.GroupsAndUsersTest" time="54.676" errors="0" timestamp="2024-12-16T18:56:11 IST" skipped="0">
  <testcase classname="testCases.GroupsAndUsersTest" name="groupsAndUserPageNavigationTest" time="4.171"/>
  <testcase classname="testCases.GroupsAndUsersTest" name="groupsAndUserHeaderTest" time="0.383"/>
  <testcase classname="testCases.GroupsAndUsersTest" name="createGroupTest" time="4.457"/>
  <testcase classname="testCases.GroupsAndUsersTest" name="groupgrid" time="6.323"/>
  <testcase classname="testCases.GroupsAndUsersTest" name="editGroup" time="5.341"/>
  <testcase classname="testCases.GroupsAndUsersTest" name="editedgroupongrid" time="6.446"/>
  <testcase classname="testCases.GroupsAndUsersTest" name="deletegroupongrid" time="2.774"/>
  <testcase classname="testCases.GroupsAndUsersTest" name="createUserTest" time="3.589"/>
  <testcase classname="testCases.GroupsAndUsersTest" name="Usergrid" time="7.087"/>
  <testcase classname="testCases.GroupsAndUsersTest" name="edituser" time="4.757"/>
  <testcase classname="testCases.GroupsAndUsersTest" name="editUsergrid" time="7.477"/>
  <testcase classname="testCases.GroupsAndUsersTest" name="deleteuserongrid" time="1.871"/>
</testsuite> <!-- testCases.GroupsAndUsersTest -->
