<?xml version="1.0" encoding="UTF-8"?>
<!-- Generated by org.testng.reporters.JUnitReportReporter -->
<testsuite hostname="DESKTOP-O8HP0HC" failures="0" tests="6" name="testCases.ScorecardTest" time="122.934" errors="0" timestamp="2024-11-26T18:19:02 IST" skipped="1">
  <testcase classname="testCases.ScorecardTest" name="scorecardPageNavigationTest" time="1.889"/>
  <testcase classname="testCases.ScorecardTest" name="createAIScrorecard" time="35.669"/>
  <testcase classname="testCases.ScorecardTest" name="createTotalScore_Scrorecard" time="55.614"/>
  <testcase classname="testCases.ScorecardTest" name="create_Scrorecard_WithNewInsights" time="24.419"/>
  <testcase classname="testCases.ScorecardTest" name="create_NewLLM_Scrorecard" time="5.343"/>
  <testcase classname="testCases.ScorecardTest" name="createManualScrorecard">
    <skipped/>
  </testcase> <!-- createManualScrorecard -->
</testsuite> <!-- testCases.ScorecardTest -->
