<?xml version="1.0" encoding="UTF-8"?>
<!-- Generated by org.testng.reporters.JUnitReportReporter -->
<testsuite hostname="DESKTOP-O8HP0HC" failures="0" tests="7" name="testCases.CampaignsTest" time="29.227" errors="0" timestamp="2024-12-17T20:38:19 IST" skipped="0">
  <testcase classname="testCases.CampaignsTest" name="cmapaignPageNavigationTest" time="3.346"/>
  <testcase classname="testCases.CampaignsTest" name="createCampaignTest" time="3.690"/>
  <testcase classname="testCases.CampaignsTest" name="createCampaignTest_fromcreateanothercampaignbutton" time="4.958"/>
  <testcase classname="testCases.CampaignsTest" name="campaignGrid" time="7.647"/>
  <testcase classname="testCases.CampaignsTest" name="editCampaign" time="3.687"/>
  <testcase classname="testCases.CampaignsTest" name="editedcampaignongrid" time="2.746"/>
  <testcase classname="testCases.CampaignsTest" name="deletegroupongrid" time="3.153"/>
</testsuite> <!-- testCases.CampaignsTest -->
