<?xml version="1.0" encoding="UTF-8"?>
<!-- Generated by org.testng.reporters.JUnitReportReporter -->
<testsuite hostname="DESKTOP-S61P0GA" failures="0" tests="5" name="testCases.GroupsAndUsersTest" time="14.136" errors="0" timestamp="2024-07-28T19:26:30 IST" skipped="0">
  <testcase classname="testCases.GroupsAndUsersTest" name="groupsAndUserPageNavigationTest" time="1.867"/>
  <testcase classname="testCases.GroupsAndUsersTest" name="groupsAndUserHeaderTest" time="0.976"/>
  <testcase classname="testCases.GroupsAndUsersTest" name="createGroupTest" time="4.176"/>
  <testcase classname="testCases.GroupsAndUsersTest" name="groupgrid" time="6.836"/>
  <testcase classname="testCases.GroupsAndUsersTest" name="editGroup" time="0.281"/>
</testsuite> <!-- testCases.GroupsAndUsersTest -->
